<?xml version="1.0" encoding="UTF-8"?>
<!-- Generated by org.testng.reporters.JUnitReportReporter -->
<testsuite hostname="DESKTOP-75IO2JR" failures="0" tests="2" name="com.dsalgo.qa.testcases.GetStartedButtonTest" time="15.247" errors="0" timestamp="2023-01-08T12:48:01 ULAT" skipped="0">
  <testcase classname="com.dsalgo.qa.testcases.GetStartedButtonTest" name="GetstartedPageTitleTest" time="4.222"/>
  <system-out/>
  <testcase classname="com.dsalgo.qa.testcases.GetStartedButtonTest" name="gstest" time="11.025"/>
  <system-out/>
</testsuite> <!-- com.dsalgo.qa.testcases.GetStartedButtonTest -->
